2017-06-27 12:42:53,668 [Worker-0] INFO  c.g.t.t.d.PublishedGradleVersions - Gradle version information cache is up-to-date. Trying to read.
2017-06-28 08:18:24,820 [Worker-0] INFO  c.g.t.t.d.PublishedGradleVersions - Gradle version information cache is up-to-date. Trying to read.
2017-06-29 08:16:16,900 [Worker-0] INFO  c.g.t.t.d.PublishedGradleVersions - Gradle version information cache is out-of-date. Trying to update.
2017-06-30 08:29:52,916 [Worker-0] INFO  c.g.t.t.d.PublishedGradleVersions - Gradle version information cache is out-of-date. Trying to update.
2017-06-30 11:01:16,824 [Worker-1] INFO  c.g.t.t.d.PublishedGradleVersions - Gradle version information cache is up-to-date. Trying to read.
2017-06-30 14:06:26,506 [Worker-1] INFO  c.g.t.t.d.PublishedGradleVersions - Gradle version information cache is up-to-date. Trying to read.
2017-07-03 08:28:14,660 [Worker-3] INFO  c.g.t.t.d.PublishedGradleVersions - Gradle version information cache is out-of-date. Trying to update.
2017-07-04 08:39:26,827 [Worker-2] INFO  c.g.t.t.d.PublishedGradleVersions - Gradle version information cache is out-of-date. Trying to update.
2017-07-04 09:52:52,308 [Worker-0] INFO  c.g.t.t.d.PublishedGradleVersions - Gradle version information cache is up-to-date. Trying to read.
2017-07-04 11:01:24,115 [Start Help Server] INFO  org.eclipse.jetty.util.log - Logging initialized @4157504ms
2017-07-04 11:01:24,277 [Start Help Server] INFO  org.eclipse.jetty.server.Server - jetty-9.3.9.v20160517
2017-07-04 11:01:24,364 [Start Help Server] INFO  o.e.j.server.handler.ContextHandler - Started o.e.j.s.ServletContextHandler@dc0623a{/help,null,AVAILABLE}
2017-07-04 11:01:24,389 [Start Help Server] INFO  o.e.jetty.server.AbstractConnector - Started ServerConnector@e5bf67b{HTTP/1.1,[http/1.1]}{127.0.0.1:40352}
2017-07-04 11:01:24,389 [Start Help Server] INFO  org.eclipse.jetty.server.Server - Started @4157779ms
2017-07-05 08:58:42,043 [Worker-2] INFO  c.g.t.t.d.PublishedGradleVersions - Gradle version information cache is out-of-date. Trying to update.
2017-07-05 11:15:22,658 [Start Help Server] INFO  org.eclipse.jetty.util.log - Logging initialized @8239373ms
2017-07-05 11:15:22,875 [Start Help Server] INFO  org.eclipse.jetty.server.Server - jetty-9.3.9.v20160517
2017-07-05 11:15:23,001 [Start Help Server] INFO  o.e.j.server.handler.ContextHandler - Started o.e.j.s.ServletContextHandler@11f44393{/help,null,AVAILABLE}
2017-07-05 11:15:23,030 [Start Help Server] INFO  o.e.jetty.server.AbstractConnector - Started ServerConnector@73ffe39d{HTTP/1.1,[http/1.1]}{127.0.0.1:33033}
2017-07-05 11:15:23,030 [Start Help Server] INFO  org.eclipse.jetty.server.Server - Started @8239747ms
2017-07-05 23:17:23,267 [Stop Help Server] INFO  o.e.jetty.server.AbstractConnector - Stopped ServerConnector@73ffe39d{HTTP/1.1,[http/1.1]}{127.0.0.1:0}
2017-07-05 23:17:23,304 [Stop Help Server] INFO  o.e.j.server.handler.ContextHandler - Stopped o.e.j.s.ServletContextHandler@11f44393{/help,null,UNAVAILABLE}
2017-07-06 08:00:55,523 [Worker-1] INFO  c.g.t.t.d.PublishedGradleVersions - Gradle version information cache is up-to-date. Trying to read.
2017-07-06 11:07:13,221 [Start Help Server] INFO  org.eclipse.jetty.util.log - Logging initialized @11210434ms
2017-07-06 11:07:13,401 [Start Help Server] INFO  org.eclipse.jetty.server.Server - jetty-9.3.9.v20160517
2017-07-06 11:07:13,467 [Start Help Server] INFO  o.e.j.server.handler.ContextHandler - Started o.e.j.s.ServletContextHandler@1b7aea1{/help,null,AVAILABLE}
2017-07-06 11:07:13,509 [Start Help Server] INFO  o.e.jetty.server.AbstractConnector - Started ServerConnector@4cdd7e7a{HTTP/1.1,[http/1.1]}{127.0.0.1:41683}
2017-07-06 11:07:13,509 [Start Help Server] INFO  org.eclipse.jetty.server.Server - Started @11210722ms
2017-07-06 16:09:13,142 [Stop Help Server] INFO  o.e.jetty.server.AbstractConnector - Stopped ServerConnector@4cdd7e7a{HTTP/1.1,[http/1.1]}{127.0.0.1:0}
2017-07-06 16:09:13,211 [Stop Help Server] INFO  o.e.j.server.handler.ContextHandler - Stopped o.e.j.s.ServletContextHandler@1b7aea1{/help,null,UNAVAILABLE}
2017-07-07 10:39:45,449 [Worker-2] INFO  c.g.t.t.d.PublishedGradleVersions - Gradle version information cache is out-of-date. Trying to update.
2017-07-10 09:26:29,101 [Worker-2] INFO  c.g.t.t.d.PublishedGradleVersions - Gradle version information cache is out-of-date. Trying to update.
2017-07-10 09:38:57,227 [Worker-1] INFO  c.g.t.t.d.PublishedGradleVersions - Gradle version information cache is up-to-date. Trying to read.
2017-07-10 09:47:27,597 [Worker-0] INFO  c.g.t.t.d.PublishedGradleVersions - Gradle version information cache is up-to-date. Trying to read.
2017-07-11 08:35:15,605 [Worker-0] INFO  c.g.t.t.d.PublishedGradleVersions - Gradle version information cache is up-to-date. Trying to read.
2017-07-12 08:06:10,783 [Worker-1] INFO  c.g.t.t.d.PublishedGradleVersions - Gradle version information cache is out-of-date. Trying to update.
2017-07-13 08:03:38,408 [Worker-1] INFO  c.g.t.t.d.PublishedGradleVersions - Gradle version information cache is up-to-date. Trying to read.
2017-07-13 08:22:34,462 [Start Help Server] INFO  org.eclipse.jetty.util.log - Logging initialized @1178901ms
2017-07-13 08:22:34,750 [Start Help Server] INFO  org.eclipse.jetty.server.Server - jetty-9.3.9.v20160517
2017-07-13 08:22:34,806 [Start Help Server] INFO  o.e.j.server.handler.ContextHandler - Started o.e.j.s.ServletContextHandler@6ad9366c{/help,null,AVAILABLE}
2017-07-13 08:22:34,811 [Start Help Server] INFO  o.e.jetty.server.AbstractConnector - Started ServerConnector@68e403e3{HTTP/1.1,[http/1.1]}{127.0.0.1:46770}
2017-07-13 08:22:34,811 [Start Help Server] INFO  org.eclipse.jetty.server.Server - Started @1179251ms
2017-07-14 08:29:17,176 [Worker-2] INFO  c.g.t.t.d.PublishedGradleVersions - Gradle version information cache is out-of-date. Trying to update.
2017-07-14 08:30:10,504 [Start Help Server] INFO  org.eclipse.jetty.util.log - Logging initialized @85203ms
2017-07-14 08:30:10,834 [Start Help Server] INFO  org.eclipse.jetty.server.Server - jetty-9.3.9.v20160517
2017-07-14 08:30:10,967 [Start Help Server] INFO  o.e.j.server.handler.ContextHandler - Started o.e.j.s.ServletContextHandler@20ee8adc{/help,null,AVAILABLE}
2017-07-14 08:30:10,973 [Start Help Server] INFO  o.e.jetty.server.AbstractConnector - Started ServerConnector@5e50600d{HTTP/1.1,[http/1.1]}{127.0.0.1:32966}
2017-07-14 08:30:10,988 [Start Help Server] INFO  org.eclipse.jetty.server.Server - Started @85688ms
2017-07-15 00:05:21,404 [Stop Help Server] INFO  o.e.jetty.server.AbstractConnector - Stopped ServerConnector@5e50600d{HTTP/1.1,[http/1.1]}{127.0.0.1:0}
2017-07-15 00:05:21,467 [Stop Help Server] INFO  o.e.j.server.handler.ContextHandler - Stopped o.e.j.s.ServletContextHandler@20ee8adc{/help,null,UNAVAILABLE}
2017-07-17 08:10:00,954 [Worker-0] INFO  c.g.t.t.d.PublishedGradleVersions - Gradle version information cache is out-of-date. Trying to update.
2017-07-17 08:13:01,988 [Start Help Server] INFO  org.eclipse.jetty.util.log - Logging initialized @218422ms
2017-07-17 08:13:02,129 [Start Help Server] INFO  org.eclipse.jetty.server.Server - jetty-9.3.9.v20160517
2017-07-17 08:13:02,198 [Start Help Server] INFO  o.e.j.server.handler.ContextHandler - Started o.e.j.s.ServletContextHandler@7607edc0{/help,null,AVAILABLE}
2017-07-17 08:13:02,204 [Start Help Server] INFO  o.e.jetty.server.AbstractConnector - Started ServerConnector@5e5c8f06{HTTP/1.1,[http/1.1]}{127.0.0.1:42962}
2017-07-17 08:13:02,205 [Start Help Server] INFO  org.eclipse.jetty.server.Server - Started @218639ms
2017-07-17 08:31:23,261 [Stop Help Server] INFO  o.e.jetty.server.AbstractConnector - Stopped ServerConnector@5e5c8f06{HTTP/1.1,[http/1.1]}{127.0.0.1:0}
2017-07-17 08:31:23,301 [Stop Help Server] INFO  o.e.j.server.handler.ContextHandler - Stopped o.e.j.s.ServletContextHandler@7607edc0{/help,null,UNAVAILABLE}
2017-07-17 08:32:05,638 [Worker-0] INFO  c.g.t.t.d.PublishedGradleVersions - Gradle version information cache is up-to-date. Trying to read.
2017-07-17 08:39:05,630 [Worker-2] INFO  c.g.t.t.d.PublishedGradleVersions - Gradle version information cache is up-to-date. Trying to read.
2017-07-17 09:12:15,857 [Worker-0] INFO  c.g.t.t.d.PublishedGradleVersions - Gradle version information cache is up-to-date. Trying to read.
2017-07-17 09:25:42,973 [Worker-2] INFO  c.g.t.t.d.PublishedGradleVersions - Gradle version information cache is up-to-date. Trying to read.
2017-07-17 16:52:08,639 [Worker-1] INFO  c.g.t.t.d.PublishedGradleVersions - Gradle version information cache is up-to-date. Trying to read.
2017-07-17 17:27:12,419 [Worker-0] INFO  c.g.t.t.d.PublishedGradleVersions - Gradle version information cache is up-to-date. Trying to read.
2017-07-17 17:52:34,198 [Start Help Server] INFO  org.eclipse.jetty.util.log - Logging initialized @1564141ms
2017-07-17 17:52:34,805 [Start Help Server] INFO  org.eclipse.jetty.server.Server - jetty-9.3.9.v20160517
2017-07-17 17:52:35,147 [Start Help Server] INFO  o.e.j.server.handler.ContextHandler - Started o.e.j.s.ServletContextHandler@6386f59b{/help,null,AVAILABLE}
2017-07-17 17:52:35,193 [Start Help Server] INFO  o.e.jetty.server.AbstractConnector - Started ServerConnector@6c19a77d{HTTP/1.1,[http/1.1]}{127.0.0.1:43802}
2017-07-17 17:52:35,194 [Start Help Server] INFO  org.eclipse.jetty.server.Server - Started @1565137ms
2017-07-18 08:07:20,321 [Worker-1] INFO  c.g.t.t.d.PublishedGradleVersions - Gradle version information cache is up-to-date. Trying to read.
2017-07-18 08:20:39,020 [Worker-1] INFO  c.g.t.t.d.PublishedGradleVersions - Gradle version information cache is out-of-date. Trying to update.
